\BOOKMARK [1][-]{section.1}{\376\377\000Q\000u\000e\000s\000t\000i\000o\000n\000\040\000T\000w\000o}{}% 1
\BOOKMARK [2][-]{subsection.1.1}{\376\377\000Q\0002\000\040\000a}{section.1}% 2
\BOOKMARK [2][-]{subsection.1.2}{\376\377\000Q\0002\000\040\000b}{section.1}% 3
\BOOKMARK [2][-]{subsection.1.3}{\376\377\000Q\0002\000\040\000c}{section.1}% 4
\BOOKMARK [2][-]{subsection.1.4}{\376\377\000Q\0002\000\040\000d}{section.1}% 5
\BOOKMARK [2][-]{subsection.1.5}{\376\377\000Q\0002\000\040\000e}{section.1}% 6
\BOOKMARK [1][-]{section.2}{\376\377\000Q\000u\000e\000s\000t\000i\000o\000n\000\040\000T\000h\000r\000e\000e}{}% 7
\BOOKMARK [2][-]{subsection.2.1}{\376\377\000Q\0003\000\040\000a}{section.2}% 8
\BOOKMARK [2][-]{subsection.2.2}{\376\377\000Q\0003\000\040\000b}{section.2}% 9
\BOOKMARK [1][-]{section.3}{\376\377\000Q\000u\000e\000s\000t\000i\000o\000n\000\040\000F\000o\000u\000r}{}% 10
\BOOKMARK [1][-]{section.4}{\376\377\000Q\000u\000e\000s\000t\000i\000o\000n\000\040\000F\000i\000v\000e}{}% 11
\BOOKMARK [2][-]{subsection.4.1}{\376\377\000Q\0005\000\040\000a}{section.4}% 12
\BOOKMARK [2][-]{subsection.4.2}{\376\377\000Q\0005\000\040\000b}{section.4}% 13
\BOOKMARK [2][-]{subsection.4.3}{\376\377\000Q\0005\000\040\000c}{section.4}% 14
\BOOKMARK [2][-]{subsection.4.4}{\376\377\000Q\0005\000\040\000d}{section.4}% 15
\BOOKMARK [2][-]{subsection.4.5}{\376\377\000Q\0005\000\040\000e}{section.4}% 16
\BOOKMARK [1][-]{section.5}{\376\377\000Q\000u\000e\000s\000t\000i\000o\000n\000\040\000S\000i\000x}{}% 17
\BOOKMARK [2][-]{subsection.5.1}{\376\377\000Q\0006\000\040\000a}{section.5}% 18
\BOOKMARK [2][-]{subsection.5.2}{\376\377\000Q\0006\000\040\000b}{section.5}% 19
\BOOKMARK [2][-]{subsection.5.3}{\376\377\000Q\0006\000\040\000c}{section.5}% 20
\BOOKMARK [2][-]{subsection.5.4}{\376\377\000Q\0006\000\040\000d}{section.5}% 21
\BOOKMARK [2][-]{subsection.5.5}{\376\377\000Q\0006\000\040\000e}{section.5}% 22
